<?xml version="1.0" encoding="UTF-8"?>
<!-- Generated by org.testng.reporters.JUnitXMLReporter -->
<testsuite ignored="2" hostname="LAPTOP-QQHO79JR" failures="0" tests="4" name="Free CRM Application Test cases(failed)(failed)(failed)" time="23.296" errors="0" timestamp="2022-04-27T17:04:04 EDT">
  <testcase classname="com.crm.qa.tests.ContactsPageTest" name="@BeforeMethod setUp" time="22.414">
    <failure type="java.lang.StackOverflowError">
      <![CDATA[java.lang.StackOverflowError
at java.base/sun.nio.cs.StreamEncoder.implWrite(StreamEncoder.java:289)
at java.base/sun.nio.cs.StreamEncoder.write(StreamEncoder.java:131)
at java.base/java.io.OutputStreamWriter.write(OutputStreamWriter.java:208)
at java.base/java.io.BufferedWriter.flushBuffer(BufferedWriter.java:120)
at java.base/java.io.PrintStream.writeln(PrintStream.java:722)
at java.base/java.io.PrintStream.println(PrintStream.java:1028)
at com.crm.qa.util.WebEventListener.onException(WebEventListener.java:63)
at org.openqa.selenium.support.events.EventFiringWebDriver.lambda$new$0(EventFiringWebDriver.java:94)
at com.sun.proxy.$Proxy15.onException(Unknown Source)
at org.openqa.selenium.support.events.EventFiringWebDriver.lambda$new$1(EventFiringWebDriver.java:117)
at com.sun.proxy.$Proxy16.getScreenshotAs(Unknown Source)
at org.openqa.selenium.support.events.EventFiringWebDriver.getScreenshotAs(EventFiringWebDriver.java:312)
at com.crm.qa.util.TestUtil.takeScreenshotAtEndOfTest(TestUtil.java:59)
at com.crm.qa.util.WebEventListener.onException(WebEventListener.java:65)
at org.openqa.selenium.support.events.EventFiringWebDriver.lambda$new$0(EventFiringWebDriver.java:94)
at com.sun.proxy.$Proxy15.onException(Unknown Source)
at org.openqa.selenium.support.events.EventFiringWebDriver.lambda$new$1(EventFiringWebDriver.java:117)
at com.sun.proxy.$Proxy16.getScreenshotAs(Unknown Source)
at org.openqa.selenium.support.events.EventFiringWebDriver.getScreenshotAs(EventFiringWebDriver.java:312)
at com.crm.qa.util.TestUtil.takeScreenshotAtEndOfTest(TestUtil.java:59)
at com.crm.qa.util.WebEventListener.onException(WebEventListener.java:65)
at org.openqa.selenium.support.events.EventFiringWebDriver.lambda$new$0(EventFiringWebDriver.java:94)
at com.sun.proxy.$Proxy15.onException(Unknown Source)
at org.openqa.selenium.support.events.EventFiringWebDriver.lambda$new$1(EventFiringWebDriver.java:117)
at com.sun.proxy.$Proxy16.getScreenshotAs(Unknown Source)
at org.openqa.selenium.support.events.EventFiringWebDriver.getScreenshotAs(EventFiringWebDriver.java:312)
at com.crm.qa.util.TestUtil.takeScreenshotAtEndOfTest(TestUtil.java:59)
at com.crm.qa.util.WebEventListener.onException(WebEventListener.java:65)
at org.openqa.selenium.support.events.EventFiringWebDriver.lambda$new$0(EventFiringWebDriver.java:94)
at com.sun.proxy.$Proxy15.onException(Unknown Source)
at org.openqa.selenium.support.events.EventFiringWebDriver.lambda$new$1(EventFiringWebDriver.java:117)
at com.sun.proxy.$Proxy16.getScreenshotAs(Unknown Source)
at org.openqa.selenium.support.events.EventFiringWebDriver.getScreenshotAs(EventFiringWebDriver.java:312)
at com.crm.qa.util.TestUtil.takeScreenshotAtEndOfTest(TestUtil.java:59)
at com.crm.qa.util.WebEventListener.onException(WebEventListener.java:65)
at org.openqa.selenium.support.events.EventFiringWebDriver.lambda$new$0(EventFiringWebDriver.java:94)
at com.sun.proxy.$Proxy15.onException(Unknown Source)
at org.openqa.selenium.support.events.EventFiringWebDriver.lambda$new$1(EventFiringWebDriver.java:117)
at com.sun.proxy.$Proxy16.getScreenshotAs(Unknown Source)
at org.openqa.selenium.support.events.EventFiringWebDriver.getScreenshotAs(EventFiringWebDriver.java:312)
at com.crm.qa.util.TestUtil.takeScreenshotAtEndOfTest(TestUtil.java:59)
at com.crm.qa.util.WebEventListener.onException(WebEventListener.java:65)
at org.openqa.selenium.support.events.EventFiringWebDriver.lambda$new$0(EventFiringWebDriver.java:94)
at com.sun.proxy.$Proxy15.onException(Unknown Source)
at org.openqa.selenium.support.events.EventFiringWebDriver.lambda$new$1(EventFiringWebDriver.java:117)
at com.sun.proxy.$Proxy16.getScreenshotAs(Unknown Source)
at org.openqa.selenium.support.events.EventFiringWebDriver.getScreenshotAs(EventFiringWebDriver.java:312)
at com.crm.qa.util.TestUtil.takeScreenshotAtEndOfTest(TestUtil.java:59)
at com.crm.qa.util.WebEventListener.onException(WebEventListener.java:65)
at org.openqa.selenium.support.events.EventFiringWebDriver.lambda$new$0(EventFiringWebDriver.java:94)
at com.sun.proxy.$Proxy15.onException(Unknown Source)
at org.openqa.selenium.support.events.EventFiringWebDriver.lambda$new$1(EventFiringWebDriver.java:117)
at com.sun.proxy.$Proxy16.getScreenshotAs(Unknown Source)
at org.openqa.selenium.support.events.EventFiringWebDriver.getScreenshotAs(EventFiringWebDriver.java:312)
at com.crm.qa.util.TestUtil.takeScreenshotAtEndOfTest(TestUtil.java:59)
at com.crm.qa.util.WebEventListener.onException(WebEventListener.java:65)
at org.openqa.selenium.support.events.EventFiringWebDriver.lambda$new$0(EventFiringWebDriver.java:94)
at com.sun.proxy.$Proxy15.onException(Unknown Source)
at org.openqa.selenium.support.events.EventFiringWebDriver.lambda$new$1(EventFiringWebDriver.java:117)
at com.sun.proxy.$Proxy16.getScreenshotAs(Unknown Source)
at org.openqa.selenium.support.events.EventFiringWebDriver.getScreenshotAs(EventFiringWebDriver.java:312)
at com.crm.qa.util.TestUtil.takeScreenshotAtEndOfTest(TestUtil.java:59)
at com.crm.qa.util.WebEventListener.onException(WebEventListener.java:65)
at org.openqa.selenium.support.events.EventFiringWebDriver.lambda$new$0(EventFiringWebDriver.java:94)
at com.sun.proxy.$Proxy15.onException(Unknown Source)
at org.openqa.selenium.support.events.EventFiringWebDriver.lambda$new$1(EventFiringWebDriver.java:117)
at com.sun.proxy.$Proxy16.getScreenshotAs(Unknown Source)
at org.openqa.selenium.support.events.EventFiringWebDriver.getScreenshotAs(EventFiringWebDriver.java:312)
at com.crm.qa.util.TestUtil.takeScreenshotAtEndOfTest(TestUtil.java:59)
at com.crm.qa.util.WebEventListener.onException(WebEventListener.java:65)
at org.openqa.selenium.support.events.EventFiringWebDriver.lambda$new$0(EventFiringWebDriver.java:94)
at com.sun.proxy.$Proxy15.onException(Unknown Source)
at org.openqa.selenium.support.events.EventFiringWebDriver.lambda$new$1(EventFiringWebDriver.java:117)
at com.sun.proxy.$Proxy16.getScreenshotAs(Unknown Source)
at org.openqa.selenium.support.events.EventFiringWebDriver.getScreenshotAs(EventFiringWebDriver.java:312)
at com.crm.qa.util.TestUtil.takeScreenshotAtEndOfTest(TestUtil.java:59)
at com.crm.qa.util.WebEventListener.onException(WebEventListener.java:65)
at org.openqa.selenium.support.events.EventFiringWebDriver.lambda$new$0(EventFiringWebDriver.java:94)
at com.sun.proxy.$Proxy15.onException(Unknown Source)
at org.openqa.selenium.support.events.EventFiringWebDriver.lambda$new$1(EventFiringWebDriver.java:117)
at com.sun.proxy.$Proxy16.getScreenshotAs(Unknown Source)
at org.openqa.selenium.support.events.EventFiringWebDriver.getScreenshotAs(EventFiringWebDriver.java:312)
at com.crm.qa.util.TestUtil.takeScreenshotAtEndOfTest(TestUtil.java:59)
at com.crm.qa.util.WebEventListener.onException(WebEventListener.java:65)
at org.openqa.selenium.support.events.EventFiringWebDriver.lambda$new$0(EventFiringWebDriver.java:94)
at com.sun.proxy.$Proxy15.onException(Unknown Source)
at org.openqa.selenium.support.events.EventFiringWebDriver.lambda$new$1(EventFiringWebDriver.java:117)
at com.sun.proxy.$Proxy16.getScreenshotAs(Unknown Source)
at org.openqa.selenium.support.events.EventFiringWebDriver.getScreenshotAs(EventFiringWebDriver.java:312)
at com.crm.qa.util.TestUtil.takeScreenshotAtEndOfTest(TestUtil.java:59)
at com.crm.qa.util.WebEventListener.onException(WebEventListener.java:65)
at org.openqa.selenium.support.events.EventFiringWebDriver.lambda$new$0(EventFiringWebDriver.java:94)
at com.sun.proxy.$Proxy15.onException(Unknown Source)
at org.openqa.selenium.support.events.EventFiringWebDriver.lambda$new$1(EventFiringWebDriver.java:117)
at com.sun.proxy.$Proxy16.getScreenshotAs(Unknown Source)
at org.openqa.selenium.support.events.EventFiringWebDriver.getScreenshotAs(EventFiringWebDriver.java:312)
at com.crm.qa.util.TestUtil.takeScreenshotAtEndOfTest(TestUtil.java:59)
at com.crm.qa.util.WebEventListener.onException(WebEventListener.java:65)
at org.openqa.selenium.support.events.EventFiringWebDriver.lambda$new$0(EventFiringWebDriver.java:94)
at com.sun.proxy.$Proxy15.onException(Unknown Source)
at org.openqa.selenium.support.events.EventFiringWebDriver.lambda$new$1(EventFiringWebDriver.java:117)
at com.sun.proxy.$Proxy16.getScreenshotAs(Unknown Source)
at org.openqa.selenium.support.events.EventFiringWebDriver.getScreenshotAs(EventFiringWebDriver.java:312)
at com.crm.qa.util.TestUtil.takeScreenshotAtEndOfTest(TestUtil.java:59)
at com.crm.qa.util.WebEventListener.onException(WebEventListener.java:65)
at org.openqa.selenium.support.events.EventFiringWebDriver.lambda$new$0(EventFiringWebDriver.java:94)
at com.sun.proxy.$Proxy15.onException(Unknown Source)
at org.openqa.selenium.support.events.EventFiringWebDriver.lambda$new$1(EventFiringWebDriver.java:117)
at com.sun.proxy.$Proxy16.getScreenshotAs(Unknown Source)
at org.openqa.selenium.support.events.EventFiringWebDriver.getScreenshotAs(EventFiringWebDriver.java:312)
at com.crm.qa.util.TestUtil.takeScreenshotAtEndOfTest(TestUtil.java:59)
at com.crm.qa.util.WebEventListener.onException(WebEventListener.java:65)
at org.openqa.selenium.support.events.EventFiringWebDriver.lambda$new$0(EventFiringWebDriver.java:94)
at com.sun.proxy.$Proxy15.onException(Unknown Source)
at org.openqa.selenium.support.events.EventFiringWebDriver.lambda$new$1(EventFiringWebDriver.java:117)
at com.sun.proxy.$Proxy16.getScreenshotAs(Unknown Source)
at org.openqa.selenium.support.events.EventFiringWebDriver.getScreenshotAs(EventFiringWebDriver.java:312)
at com.crm.qa.util.TestUtil.takeScreenshotAtEndOfTest(TestUtil.java:59)
at com.crm.qa.util.WebEventListener.onException(WebEventListener.java:65)
at org.openqa.selenium.support.events.EventFiringWebDriver.lambda$new$0(EventFiringWebDriver.java:94)
at com.sun.proxy.$Proxy15.onException(Unknown Source)
at org.openqa.selenium.support.events.EventFiringWebDriver.lambda$new$1(EventFiringWebDriver.java:117)
at com.sun.proxy.$Proxy16.getScreenshotAs(Unknown Source)
at org.openqa.selenium.support.events.EventFiringWebDriver.getScreenshotAs(EventFiringWebDriver.java:312)
at com.crm.qa.util.TestUtil.takeScreenshotAtEndOfTest(TestUtil.java:59)
at com.crm.qa.util.WebEventListener.onException(WebEventListener.java:65)
at org.openqa.selenium.support.events.EventFiringWebDriver.lambda$new$0(EventFiringWebDriver.java:94)
at com.sun.proxy.$Proxy15.onException(Unknown Source)
at org.openqa.selenium.support.events.EventFiringWebDriver.lambda$new$1(EventFiringWebDriver.java:117)
at com.sun.proxy.$Proxy16.getScreenshotAs(Unknown Source)
at org.openqa.selenium.support.events.EventFiringWebDriver.getScreenshotAs(EventFiringWebDriver.java:312)
at com.crm.qa.util.TestUtil.takeScreenshotAtEndOfTest(TestUtil.java:59)
at com.crm.qa.util.WebEventListener.onException(WebEventListener.java:65)
at org.openqa.selenium.support.events.EventFiringWebDriver.lambda$new$0(EventFiringWebDriver.java:94)
at com.sun.proxy.$Proxy15.onException(Unknown Source)
at org.openqa.selenium.support.events.EventFiringWebDriver.lambda$new$1(EventFiringWebDriver.java:117)
at com.sun.proxy.$Proxy16.getScreenshotAs(Unknown Source)
at org.openqa.selenium.support.events.EventFiringWebDriver.getScreenshotAs(EventFiringWebDriver.java:312)
at com.crm.qa.util.TestUtil.takeScreenshotAtEndOfTest(TestUtil.java:59)
at com.crm.qa.util.WebEventListener.onException(WebEventListener.java:65)
at org.openqa.selenium.support.events.EventFiringWebDriver.lambda$new$0(EventFiringWebDriver.java:94)
at com.sun.proxy.$Proxy15.onException(Unknown Source)
at org.openqa.selenium.support.events.EventFiringWebDriver.lambda$new$1(EventFiringWebDriver.java:117)
at com.sun.proxy.$Proxy16.getScreenshotAs(Unknown Source)
at org.openqa.selenium.support.events.EventFiringWebDriver.getScreenshotAs(EventFiringWebDriver.java:312)
at com.crm.qa.util.TestUtil.takeScreenshotAtEndOfTest(TestUtil.java:59)
at com.crm.qa.util.WebEventListener.onException(WebEventListener.java:65)
at org.openqa.selenium.support.events.EventFiringWebDriver.lambda$new$0(EventFiringWebDriver.java:94)
at com.sun.proxy.$Proxy15.onException(Unknown Source)
at org.openqa.selenium.support.events.EventFiringWebDriver.lambda$new$1(EventFiringWebDriver.java:117)
at com.sun.proxy.$Proxy16.getScreenshotAs(Unknown Source)
at org.openqa.selenium.support.events.EventFiringWebDriver.getScreenshotAs(EventFiringWebDriver.java:312)
at com.crm.qa.util.TestUtil.takeScreenshotAtEndOfTest(TestUtil.java:59)
at com.crm.qa.util.WebEventListener.onException(WebEventListener.java:65)
at org.openqa.selenium.support.events.EventFiringWebDriver.lambda$new$0(EventFiringWebDriver.java:94)
at com.sun.proxy.$Proxy15.onException(Unknown Source)
at org.openqa.selenium.support.events.EventFiringWebDriver.lambda$new$1(EventFiringWebDriver.java:117)
at com.sun.proxy.$Proxy16.getScreenshotAs(Unknown Source)
at org.openqa.selenium.support.events.EventFiringWebDriver.getScreenshotAs(EventFiringWebDriver.java:312)
at com.crm.qa.util.TestUtil.takeScreenshotAtEndOfTest(TestUtil.java:59)
at com.crm.qa.util.WebEventListener.onException(WebEventListener.java:65)
at org.openqa.selenium.support.events.EventFiringWebDriver.lambda$new$0(EventFiringWebDriver.java:94)
at com.sun.proxy.$Proxy15.onException(Unknown Source)
at org.openqa.selenium.support.events.EventFiringWebDriver.lambda$new$1(EventFiringWebDriver.java:117)
at com.sun.proxy.$Proxy16.getScreenshotAs(Unknown Source)
at org.openqa.selenium.support.events.EventFiringWebDriver.getScreenshotAs(EventFiringWebDriver.java:312)
at com.crm.qa.util.TestUtil.takeScreenshotAtEndOfTest(TestUtil.java:59)
at com.crm.qa.util.WebEventListener.onException(WebEventListener.java:65)
at org.openqa.selenium.support.events.EventFiringWebDriver.lambda$new$0(EventFiringWebDriver.java:94)
at com.sun.proxy.$Proxy15.onException(Unknown Source)
at org.openqa.selenium.support.events.EventFiringWebDriver.lambda$new$1(EventFiringWebDriver.java:117)
at com.sun.proxy.$Proxy16.getScreenshotAs(Unknown Source)
at org.openqa.selenium.support.events.EventFiringWebDriver.getScreenshotAs(EventFiringWebDriver.java:312)
at com.crm.qa.util.TestUtil.takeScreenshotAtEndOfTest(TestUtil.java:59)
at com.crm.qa.util.WebEventListener.onException(WebEventListener.java:65)
at org.openqa.selenium.support.events.EventFiringWebDriver.lambda$new$0(EventFiringWebDriver.java:94)
at com.sun.proxy.$Proxy15.onException(Unknown Source)
at org.openqa.selenium.support.events.EventFiringWebDriver.lambda$new$1(EventFiringWebDriver.java:117)
at com.sun.proxy.$Proxy16.getScreenshotAs(Unknown Source)
at org.openqa.selenium.support.events.EventFiringWebDriver.getScreenshotAs(EventFiringWebDriver.java:312)
at com.crm.qa.util.TestUtil.takeScreenshotAtEndOfTest(TestUtil.java:59)
at com.crm.qa.util.WebEventListener.onException(WebEventListener.java:65)
at org.openqa.selenium.support.events.EventFiringWebDriver.lambda$new$0(EventFiringWebDriver.java:94)
at com.sun.proxy.$Proxy15.onException(Unknown Source)
at org.openqa.selenium.support.events.EventFiringWebDriver.lambda$new$1(EventFiringWebDriver.java:117)
at com.sun.proxy.$Proxy16.getScreenshotAs(Unknown Source)
at org.openqa.selenium.support.events.EventFiringWebDriver.getScreenshotAs(EventFiringWebDriver.java:312)
at com.crm.qa.util.TestUtil.takeScreenshotAtEndOfTest(TestUtil.java:59)
at com.crm.qa.util.WebEventListener.onException(WebEventListener.java:65)
at org.openqa.selenium.support.events.EventFiringWebDriver.lambda$new$0(EventFiringWebDriver.java:94)
at com.sun.proxy.$Proxy15.onException(Unknown Source)
at org.openqa.selenium.support.events.EventFiringWebDriver.lambda$new$1(EventFiringWebDriver.java:117)
at com.sun.proxy.$Proxy16.getScreenshotAs(Unknown Source)
at org.openqa.selenium.support.events.EventFiringWebDriver.getScreenshotAs(EventFiringWebDriver.java:312)
at com.crm.qa.util.TestUtil.takeScreenshotAtEndOfTest(TestUtil.java:59)
at com.crm.qa.util.WebEventListener.onException(WebEventListener.java:65)
at org.openqa.selenium.support.events.EventFiringWebDriver.lambda$new$0(EventFiringWebDriver.java:94)
at com.sun.proxy.$Proxy15.onException(Unknown Source)
at org.openqa.selenium.support.events.EventFiringWebDriver.lambda$new$1(EventFiringWebDriver.java:117)
at com.sun.proxy.$Proxy16.getScreenshotAs(Unknown Source)
at org.openqa.selenium.support.events.EventFiringWebDriver.getScreenshotAs(EventFiringWebDriver.java:312)
at com.crm.qa.util.TestUtil.takeScreenshotAtEndOfTest(TestUtil.java:59)
at com.crm.qa.util.WebEventListener.onException(WebEventListener.java:65)
at org.openqa.selenium.support.events.EventFiringWebDriver.lambda$new$0(EventFiringWebDriver.java:94)
at com.sun.proxy.$Proxy15.onException(Unknown Source)
at org.openqa.selenium.support.events.EventFiringWebDriver.lambda$new$1(EventFiringWebDriver.java:117)
at com.sun.proxy.$Proxy16.getScreenshotAs(Unknown Source)
at org.openqa.selenium.support.events.EventFiringWebDriver.getScreenshotAs(EventFiringWebDriver.java:312)
at com.crm.qa.util.TestUtil.takeScreenshotAtEndOfTest(TestUtil.java:59)
at com.crm.qa.util.WebEventListener.onException(WebEventListener.java:65)
at org.openqa.selenium.support.events.EventFiringWebDriver.lambda$new$0(EventFiringWebDriver.java:94)
at com.sun.proxy.$Proxy15.onException(Unknown Source)
at org.openqa.selenium.support.events.EventFiringWebDriver.lambda$new$1(EventFiringWebDriver.java:117)
at com.sun.proxy.$Proxy16.getScreenshotAs(Unknown Source)
at org.openqa.selenium.support.events.EventFiringWebDriver.getScreenshotAs(EventFiringWebDriver.java:312)
at com.crm.qa.util.TestUtil.takeScreenshotAtEndOfTest(TestUtil.java:59)
at com.crm.qa.util.WebEventListener.onException(WebEventListener.java:65)
at org.openqa.selenium.support.events.EventFiringWebDriver.lambda$new$0(EventFiringWebDriver.java:94)
at com.sun.proxy.$Proxy15.onException(Unknown Source)
at org.openqa.selenium.support.events.EventFiringWebDriver.lambda$new$1(EventFiringWebDriver.java:117)
at com.sun.proxy.$Proxy16.getScreenshotAs(Unknown Source)
at org.openqa.selenium.support.events.EventFiringWebDriver.getScreenshotAs(EventFiringWebDriver.java:312)
at com.crm.qa.util.TestUtil.takeScreenshotAtEndOfTest(TestUtil.java:59)
at com.crm.qa.util.WebEventListener.onException(WebEventListener.java:65)
at org.openqa.selenium.support.events.EventFiringWebDriver.lambda$new$0(EventFiringWebDriver.java:94)
at com.sun.proxy.$Proxy15.onException(Unknown Source)
at org.openqa.selenium.support.events.EventFiringWebDriver.lambda$new$1(EventFiringWebDriver.java:117)
at com.sun.proxy.$Proxy16.getScreenshotAs(Unknown Source)
at org.openqa.selenium.support.events.EventFiringWebDriver.getScreenshotAs(EventFiringWebDriver.java:312)
at com.crm.qa.util.TestUtil.takeScreenshotAtEndOfTest(TestUtil.java:59)
at com.crm.qa.util.WebEventListener.onException(WebEventListener.java:65)
at org.openqa.selenium.support.events.EventFiringWebDriver.lambda$new$0(EventFiringWebDriver.java:94)
at com.sun.proxy.$Proxy15.onException(Unknown Source)
at org.openqa.selenium.support.events.EventFiringWebDriver.lambda$new$1(EventFiringWebDriver.java:117)
at com.sun.proxy.$Proxy16.getScreenshotAs(Unknown Source)
at org.openqa.selenium.support.events.EventFiringWebDriver.getScreenshotAs(EventFiringWebDriver.java:312)
at com.crm.qa.util.TestUtil.takeScreenshotAtEndOfTest(TestUtil.java:59)
at com.crm.qa.util.WebEventListener.onException(WebEventListener.java:65)
at org.openqa.selenium.support.events.EventFiringWebDriver.lambda$new$0(EventFiringWebDriver.java:94)
at com.sun.proxy.$Proxy15.onException(Unknown Source)
at org.openqa.selenium.support.events.EventFiringWebDriver.lambda$new$1(EventFiringWebDriver.java:117)
at com.sun.proxy.$Proxy16.getScreenshotAs(Unknown Source)
at org.openqa.selenium.support.events.EventFiringWebDriver.getScreenshotAs(EventFiringWebDriver.java:312)
at com.crm.qa.util.TestUtil.takeScreenshotAtEndOfTest(TestUtil.java:59)
at com.crm.qa.util.WebEventListener.onException(WebEventListener.java:65)
at org.openqa.selenium.support.events.EventFiringWebDriver.lambda$new$0(EventFiringWebDriver.java:94)
at com.sun.proxy.$Proxy15.onException(Unknown Source)
at org.openqa.selenium.support.events.EventFiringWebDriver.lambda$new$1(EventFiringWebDriver.java:117)
at com.sun.proxy.$Proxy16.getScreenshotAs(Unknown Source)
at org.openqa.selenium.support.events.EventFiringWebDriver.getScreenshotAs(EventFiringWebDriver.java:312)
at com.crm.qa.util.TestUtil.takeScreenshotAtEndOfTest(TestUtil.java:59)
at com.crm.qa.util.WebEventListener.onException(WebEventListener.java:65)
at org.openqa.selenium.support.events.EventFiringWebDriver.lambda$new$0(EventFiringWebDriver.java:94)
at com.sun.proxy.$Proxy15.onException(Unknown Source)
at org.openqa.selenium.support.events.EventFiringWebDriver.lambda$new$1(EventFiringWebDriver.java:117)
at com.sun.proxy.$Proxy16.getScreenshotAs(Unknown Source)
at org.openqa.selenium.support.events.EventFiringWebDriver.getScreenshotAs(EventFiringWebDriver.java:312)
at com.crm.qa.util.TestUtil.takeScreenshotAtEndOfTest(TestUtil.java:59)
at com.crm.qa.util.WebEventListener.onException(WebEventListener.java:65)
at org.openqa.selenium.support.events.EventFiringWebDriver.lambda$new$0(EventFiringWebDriver.java:94)
at com.sun.proxy.$Proxy15.onException(Unknown Source)
at org.openqa.selenium.support.events.EventFiringWebDriver.lambda$new$1(EventFiringWebDriver.java:117)
at com.sun.proxy.$Proxy16.getScreenshotAs(Unknown Source)
at org.openqa.selenium.support.events.EventFiringWebDriver.getScreenshotAs(EventFiringWebDriver.java:312)
at com.crm.qa.util.TestUtil.takeScreenshotAtEndOfTest(TestUtil.java:59)
at com.crm.qa.util.WebEventListener.onException(WebEventListener.java:65)
at org.openqa.selenium.support.events.EventFiringWebDriver.lambda$new$0(EventFiringWebDriver.java:94)
at com.sun.proxy.$Proxy15.onException(Unknown Source)
at org.openqa.selenium.support.events.EventFiringWebDriver.lambda$new$1(EventFiringWebDriver.java:117)
at com.sun.proxy.$Proxy16.getScreenshotAs(Unknown Source)
at org.openqa.selenium.support.events.EventFiringWebDriver.getScreenshotAs(EventFiringWebDriver.java:312)
at com.crm.qa.util.TestUtil.takeScreenshotAtEndOfTest(TestUtil.java:59)
at com.crm.qa.util.WebEventListener.onException(WebEventListener.java:65)
at org.openqa.selenium.support.events.EventFiringWebDriver.lambda$new$0(EventFiringWebDriver.java:94)
at com.sun.proxy.$Proxy15.onException(Unknown Source)
at org.openqa.selenium.support.events.EventFiringWebDriver.lambda$new$1(EventFiringWebDriver.java:117)
at com.sun.proxy.$Proxy16.getScreenshotAs(Unknown Source)
at org.openqa.selenium.support.events.EventFiringWebDriver.getScreenshotAs(EventFiringWebDriver.java:312)
at com.crm.qa.util.TestUtil.takeScreenshotAtEndOfTest(TestUtil.java:59)
at com.crm.qa.util.WebEventListener.onException(WebEventListener.java:65)
at org.openqa.selenium.support.events.EventFiringWebDriver.lambda$new$0(EventFiringWebDriver.java:94)
at com.sun.proxy.$Proxy15.onException(Unknown Source)
at org.openqa.selenium.support.events.EventFiringWebDriver.lambda$new$1(EventFiringWebDriver.java:117)
at com.sun.proxy.$Proxy16.getScreenshotAs(Unknown Source)
at org.openqa.selenium.support.events.EventFiringWebDriver.getScreenshotAs(EventFiringWebDriver.java:312)
at com.crm.qa.util.TestUtil.takeScreenshotAtEndOfTest(TestUtil.java:59)
at com.crm.qa.util.WebEventListener.onException(WebEventListener.java:65)
at org.openqa.selenium.support.events.EventFiringWebDriver.lambda$new$0(EventFiringWebDriver.java:94)
at com.sun.proxy.$Proxy15.onException(Unknown Source)
at org.openqa.selenium.support.events.EventFiringWebDriver.lambda$new$1(EventFiringWebDriver.java:117)
at com.sun.proxy.$Proxy16.getScreenshotAs(Unknown Source)
at org.openqa.selenium.support.events.EventFiringWebDriver.getScreenshotAs(EventFiringWebDriver.java:312)
at com.crm.qa.util.TestUtil.takeScreenshotAtEndOfTest(TestUtil.java:59)
at com.crm.qa.util.WebEventListener.onException(WebEventListener.java:65)
at org.openqa.selenium.support.events.EventFiringWebDriver.lambda$new$0(EventFiringWebDriver.java:94)
at com.sun.proxy.$Proxy15.onException(Unknown Source)
at org.openqa.selenium.support.events.EventFiringWebDriver.lambda$new$1(EventFiringWebDriver.java:117)
at com.sun.proxy.$Proxy16.getScreenshotAs(Unknown Source)
at org.openqa.selenium.support.events.EventFiringWebDriver.getScreenshotAs(EventFiringWebDriver.java:312)
at com.crm.qa.util.TestUtil.takeScreenshotAtEndOfTest(TestUtil.java:59)
at com.crm.qa.util.WebEventListener.onException(WebEventListener.java:65)
at org.openqa.selenium.support.events.EventFiringWebDriver.lambda$new$0(EventFiringWebDriver.java:94)
at com.sun.proxy.$Proxy15.onException(Unknown Source)
at org.openqa.selenium.support.events.EventFiringWebDriver.lambda$new$1(EventFiringWebDriver.java:117)
at com.sun.proxy.$Proxy16.getScreenshotAs(Unknown Source)
at org.openqa.selenium.support.events.EventFiringWebDriver.getScreenshotAs(EventFiringWebDriver.java:312)
at com.crm.qa.util.TestUtil.takeScreenshotAtEndOfTest(TestUtil.java:59)
at com.crm.qa.util.WebEventListener.onException(WebEventListener.java:65)
at org.openqa.selenium.support.events.EventFiringWebDriver.lambda$new$0(EventFiringWebDriver.java:94)
at com.sun.proxy.$Proxy15.onException(Unknown Source)
at org.openqa.selenium.support.events.EventFiringWebDriver.lambda$new$1(EventFiringWebDriver.java:117)
at com.sun.proxy.$Proxy16.getScreenshotAs(Unknown Source)
at org.openqa.selenium.support.events.EventFiringWebDriver.getScreenshotAs(EventFiringWebDriver.java:312)
at com.crm.qa.util.TestUtil.takeScreenshotAtEndOfTest(TestUtil.java:59)
at com.crm.qa.util.WebEventListener.onException(WebEventListener.java:65)
at org.openqa.selenium.support.events.EventFiringWebDriver.lambda$new$0(EventFiringWebDriver.java:94)
at com.sun.proxy.$Proxy15.onException(Unknown Source)
at org.openqa.selenium.support.events.EventFiringWebDriver.lambda$new$1(EventFiringWebDriver.java:117)
at com.sun.proxy.$Proxy16.getScreenshotAs(Unknown Source)
at org.openqa.selenium.support.events.EventFiringWebDriver.getScreenshotAs(EventFiringWebDriver.java:312)
at com.crm.qa.util.TestUtil.takeScreenshotAtEndOfTest(TestUtil.java:59)
at com.crm.qa.util.WebEventListener.onException(WebEventListener.java:65)
at org.openqa.selenium.support.events.EventFiringWebDriver.lambda$new$0(EventFiringWebDriver.java:94)
at com.sun.proxy.$Proxy15.onException(Unknown Source)
at org.openqa.selenium.support.events.EventFiringWebDriver.lambda$new$1(EventFiringWebDriver.java:117)
at com.sun.proxy.$Proxy16.getScreenshotAs(Unknown Source)
at org.openqa.selenium.support.events.EventFiringWebDriver.getScreenshotAs(EventFiringWebDriver.java:312)
at com.crm.qa.util.TestUtil.takeScreenshotAtEndOfTest(TestUtil.java:59)
at com.crm.qa.util.WebEventListener.onException(WebEventListener.java:65)
at org.openqa.selenium.support.events.EventFiringWebDriver.lambda$new$0(EventFiringWebDriver.java:94)
at com.sun.proxy.$Proxy15.onException(Unknown Source)
at org.openqa.selenium.support.events.EventFiringWebDriver.lambda$new$1(EventFiringWebDriver.java:117)
at com.sun.proxy.$Proxy16.getScreenshotAs(Unknown Source)
at org.openqa.selenium.support.events.EventFiringWebDriver.getScreenshotAs(EventFiringWebDriver.java:312)
at com.crm.qa.util.TestUtil.takeScreenshotAtEndOfTest(TestUtil.java:59)
at com.crm.qa.util.WebEventListener.onException(WebEventListener.java:65)
at org.openqa.selenium.support.events.EventFiringWebDriver.lambda$new$0(EventFiringWebDriver.java:94)
at com.sun.proxy.$Proxy15.onException(Unknown Source)
at org.openqa.selenium.support.events.EventFiringWebDriver.lambda$new$1(EventFiringWebDriver.java:117)
at com.sun.proxy.$Proxy16.getScreenshotAs(Unknown Source)
at org.openqa.selenium.support.events.EventFiringWebDriver.getScreenshotAs(EventFiringWebDriver.java:312)
at com.crm.qa.util.TestUtil.takeScreenshotAtEndOfTest(TestUtil.java:59)
at com.crm.qa.util.WebEventListener.onException(WebEventListener.java:65)
at org.openqa.selenium.support.events.EventFiringWebDriver.lambda$new$0(EventFiringWebDriver.java:94)
at com.sun.proxy.$Proxy15.onException(Unknown Source)
at org.openqa.selenium.support.events.EventFiringWebDriver.lambda$new$1(EventFiringWebDriver.java:117)
at com.sun.proxy.$Proxy16.getScreenshotAs(Unknown Source)
at org.openqa.selenium.support.events.EventFiringWebDriver.getScreenshotAs(EventFiringWebDriver.java:312)
at com.crm.qa.util.TestUtil.takeScreenshotAtEndOfTest(TestUtil.java:59)
at com.crm.qa.util.WebEventListener.onException(WebEventListener.java:65)
at org.openqa.selenium.support.events.EventFiringWebDriver.lambda$new$0(EventFiringWebDriver.java:94)
at com.sun.proxy.$Proxy15.onException(Unknown Source)
at org.openqa.selenium.support.events.EventFiringWebDriver.lambda$new$1(EventFiringWebDriver.java:117)
at com.sun.proxy.$Proxy16.getScreenshotAs(Unknown Source)
at org.openqa.selenium.support.events.EventFiringWebDriver.getScreenshotAs(EventFiringWebDriver.java:312)
at com.crm.qa.util.TestUtil.takeScreenshotAtEndOfTest(TestUtil.java:59)
at com.crm.qa.util.WebEventListener.onException(WebEventListener.java:65)
at org.openqa.selenium.support.events.EventFiringWebDriver.lambda$new$0(EventFiringWebDriver.java:94)
at com.sun.proxy.$Proxy15.onException(Unknown Source)
at org.openqa.selenium.support.events.EventFiringWebDriver.lambda$new$1(EventFiringWebDriver.java:117)
at com.sun.proxy.$Proxy16.getScreenshotAs(Unknown Source)
at org.openqa.selenium.support.events.EventFiringWebDriver.getScreenshotAs(EventFiringWebDriver.java:312)
at com.crm.qa.util.TestUtil.takeScreenshotAtEndOfTest(TestUtil.java:59)
at com.crm.qa.util.WebEventListener.onException(WebEventListener.java:65)
at org.openqa.selenium.support.events.EventFiringWebDriver.lambda$new$0(EventFiringWebDriver.java:94)
at com.sun.proxy.$Proxy15.onException(Unknown Source)
at org.openqa.selenium.support.events.EventFiringWebDriver.lambda$new$1(EventFiringWebDriver.java:117)
at com.sun.proxy.$Proxy16.getScreenshotAs(Unknown Source)
at org.openqa.selenium.support.events.EventFiringWebDriver.getScreenshotAs(EventFiringWebDriver.java:312)
at com.crm.qa.util.TestUtil.takeScreenshotAtEndOfTest(TestUtil.java:59)
at com.crm.qa.util.WebEventListener.onException(WebEventListener.java:65)
at org.openqa.selenium.support.events.EventFiringWebDriver.lambda$new$0(EventFiringWebDriver.java:94)
at com.sun.proxy.$Proxy15.onException(Unknown Source)
at org.openqa.selenium.support.events.EventFiringWebDriver.lambda$new$1(EventFiringWebDriver.java:117)
at com.sun.proxy.$Proxy16.getScreenshotAs(Unknown Source)
at org.openqa.selenium.support.events.EventFiringWebDriver.getScreenshotAs(EventFiringWebDriver.java:312)
at com.crm.qa.util.TestUtil.takeScreenshotAtEndOfTest(TestUtil.java:59)
at com.crm.qa.util.WebEventListener.onException(WebEventListener.java:65)
at org.openqa.selenium.support.events.EventFiringWebDriver.lambda$new$0(EventFiringWebDriver.java:94)
at com.sun.proxy.$Proxy15.onException(Unknown Source)
at org.openqa.selenium.support.events.EventFiringWebDriver.lambda$new$1(EventFiringWebDriver.java:117)
at com.sun.proxy.$Proxy16.getScreenshotAs(Unknown Source)
at org.openqa.selenium.support.events.EventFiringWebDriver.getScreenshotAs(EventFiringWebDriver.java:312)
at com.crm.qa.util.TestUtil.takeScreenshotAtEndOfTest(TestUtil.java:59)
at com.crm.qa.util.WebEventListener.onException(WebEventListener.java:65)
at org.openqa.selenium.support.events.EventFiringWebDriver.lambda$new$0(EventFiringWebDriver.java:94)
at com.sun.proxy.$Proxy15.onException(Unknown Source)
at org.openqa.selenium.support.events.EventFiringWebDriver.lambda$new$1(EventFiringWebDriver.java:117)
at com.sun.proxy.$Proxy16.getScreenshotAs(Unknown Source)
at org.openqa.selenium.support.events.EventFiringWebDriver.getScreenshotAs(EventFiringWebDriver.java:312)
at com.crm.qa.util.TestUtil.takeScreenshotAtEndOfTest(TestUtil.java:59)
at com.crm.qa.util.WebEventListener.onException(WebEventListener.java:65)
at org.openqa.selenium.support.events.EventFiringWebDriver.lambda$new$0(EventFiringWebDriver.java:94)
at com.sun.proxy.$Proxy15.onException(Unknown Source)
at org.openqa.selenium.support.events.EventFiringWebDriver.lambda$new$1(EventFiringWebDriver.java:117)
at com.sun.proxy.$Proxy16.getScreenshotAs(Unknown Source)
at org.openqa.selenium.support.events.EventFiringWebDriver.getScreenshotAs(EventFiringWebDriver.java:312)
at com.crm.qa.util.TestUtil.takeScreenshotAtEndOfTest(TestUtil.java:59)
at com.crm.qa.util.WebEventListener.onException(WebEventListener.java:65)
at org.openqa.selenium.support.events.EventFiringWebDriver.lambda$new$0(EventFiringWebDriver.java:94)
at com.sun.proxy.$Proxy15.onException(Unknown Source)
at org.openqa.selenium.support.events.EventFiringWebDriver.lambda$new$1(EventFiringWebDriver.java:117)
at com.sun.proxy.$Proxy16.getScreenshotAs(Unknown Source)
at org.openqa.selenium.support.events.EventFiringWebDriver.getScreenshotAs(EventFiringWebDriver.java:312)
at com.crm.qa.util.TestUtil.takeScreenshotAtEndOfTest(TestUtil.java:59)
at com.crm.qa.util.WebEventListener.onException(WebEventListener.java:65)
at org.openqa.selenium.support.events.EventFiringWebDriver.lambda$new$0(EventFiringWebDriver.java:94)
at com.sun.proxy.$Proxy15.onException(Unknown Source)
at org.openqa.selenium.support.events.EventFiringWebDriver.lambda$new$1(EventFiringWebDriver.java:117)
at com.sun.proxy.$Proxy16.getScreenshotAs(Unknown Source)
at org.openqa.selenium.support.events.EventFiringWebDriver.getScreenshotAs(EventFiringWebDriver.java:312)
at com.crm.qa.util.TestUtil.takeScreenshotAtEndOfTest(TestUtil.java:59)
at com.crm.qa.util.WebEventListener.onException(WebEventListener.java:65)
at org.openqa.selenium.support.events.EventFiringWebDriver.lambda$new$0(EventFiringWebDriver.java:94)
at com.sun.proxy.$Proxy15.onException(Unknown Source)
at org.openqa.selenium.support.events.EventFiringWebDriver.lambda$new$1(EventFiringWebDriver.java:117)
at com.sun.proxy.$Proxy16.getScreenshotAs(Unknown Source)
at org.openqa.selenium.support.events.EventFiringWebDriver.getScreenshotAs(EventFiringWebDriver.java:312)
at com.crm.qa.util.TestUtil.takeScreenshotAtEndOfTest(TestUtil.java:59)
at com.crm.qa.util.WebEventListener.onException(WebEventListener.java:65)
at org.openqa.selenium.support.events.EventFiringWebDriver.lambda$new$0(EventFiringWebDriver.java:94)
at com.sun.proxy.$Proxy15.onException(Unknown Source)
at org.openqa.selenium.support.events.EventFiringWebDriver.lambda$new$1(EventFiringWebDriver.java:117)
at com.sun.proxy.$Proxy16.getScreenshotAs(Unknown Source)
at org.openqa.selenium.support.events.EventFiringWebDriver.getScreenshotAs(EventFiringWebDriver.java:312)
at com.crm.qa.util.TestUtil.takeScreenshotAtEndOfTest(TestUtil.java:59)
at com.crm.qa.util.WebEventListener.onException(WebEventListener.java:65)
at org.openqa.selenium.support.events.EventFiringWebDriver.lambda$new$0(EventFiringWebDriver.java:94)
at com.sun.proxy.$Proxy15.onException(Unknown Source)
at org.openqa.selenium.support.events.EventFiringWebDriver.lambda$new$1(EventFiringWebDriver.java:117)
at com.sun.proxy.$Proxy16.getScreenshotAs(Unknown Source)
at org.openqa.selenium.support.events.EventFiringWebDriver.getScreenshotAs(EventFiringWebDriver.java:312)
at com.crm.qa.util.TestUtil.takeScreenshotAtEndOfTest(TestUtil.java:59)
at com.crm.qa.util.WebEventListener.onException(WebEventListener.java:65)
at org.openqa.selenium.support.events.EventFiringWebDriver.lambda$new$0(EventFiringWebDriver.java:94)
at com.sun.proxy.$Proxy15.onException(Unknown Source)
at org.openqa.selenium.support.events.EventFiringWebDriver.lambda$new$1(EventFiringWebDriver.java:117)
at com.sun.proxy.$Proxy16.getScreenshotAs(Unknown Source)
at org.openqa.selenium.support.events.EventFiringWebDriver.getScreenshotAs(EventFiringWebDriver.java:312)
at com.crm.qa.util.TestUtil.takeScreenshotAtEndOfTest(TestUtil.java:59)
at com.crm.qa.util.WebEventListener.onException(WebEventListener.java:65)
at org.openqa.selenium.support.events.EventFiringWebDriver.lambda$new$0(EventFiringWebDriver.java:94)
at com.sun.proxy.$Proxy15.onException(Unknown Source)
at org.openqa.selenium.support.events.EventFiringWebDriver.lambda$new$1(EventFiringWebDriver.java:117)
at com.sun.proxy.$Proxy16.getScreenshotAs(Unknown Source)
at org.openqa.selenium.support.events.EventFiringWebDriver.getScreenshotAs(EventFiringWebDriver.java:312)
at com.crm.qa.util.TestUtil.takeScreenshotAtEndOfTest(TestUtil.java:59)
at com.crm.qa.util.WebEventListener.onException(WebEventListener.java:65)
at org.openqa.selenium.support.events.EventFiringWebDriver.lambda$new$0(EventFiringWebDriver.java:94)
at com.sun.proxy.$Proxy15.onException(Unknown Source)
at org.openqa.selenium.support.events.EventFiringWebDriver.lambda$new$1(EventFiringWebDriver.java:117)
at com.sun.proxy.$Proxy16.getScreenshotAs(Unknown Source)
at org.openqa.selenium.support.events.EventFiringWebDriver.getScreenshotAs(EventFiringWebDriver.java:312)
at com.crm.qa.util.TestUtil.takeScreenshotAtEndOfTest(TestUtil.java:59)
at com.crm.qa.util.WebEventListener.onException(WebEventListener.java:65)
at org.openqa.selenium.support.events.EventFiringWebDriver.lambda$new$0(EventFiringWebDriver.java:94)
at com.sun.proxy.$Proxy15.onException(Unknown Source)
at org.openqa.selenium.support.events.EventFiringWebDriver.lambda$new$1(EventFiringWebDriver.java:117)
at com.sun.proxy.$Proxy16.getScreenshotAs(Unknown Source)
at org.openqa.selenium.support.events.EventFiringWebDriver.getScreenshotAs(EventFiringWebDriver.java:312)
at com.crm.qa.util.TestUtil.takeScreenshotAtEndOfTest(TestUtil.java:59)
at com.crm.qa.util.WebEventListener.onException(WebEventListener.java:65)
at org.openqa.selenium.support.events.EventFiringWebDriver.lambda$new$0(EventFiringWebDriver.java:94)
at com.sun.proxy.$Proxy15.onException(Unknown Source)
at org.openqa.selenium.support.events.EventFiringWebDriver.lambda$new$1(EventFiringWebDriver.java:117)
at com.sun.proxy.$Proxy16.getScreenshotAs(Unknown Source)
at org.openqa.selenium.support.events.EventFiringWebDriver.getScreenshotAs(EventFiringWebDriver.java:312)
at com.crm.qa.util.TestUtil.takeScreenshotAtEndOfTest(TestUtil.java:59)
at com.crm.qa.util.WebEventListener.onException(WebEventListener.java:65)
at org.openqa.selenium.support.events.EventFiringWebDriver.lambda$new$0(EventFiringWebDriver.java:94)
at com.sun.proxy.$Proxy15.onException(Unknown Source)
at org.openqa.selenium.support.events.EventFiringWebDriver.lambda$new$1(EventFiringWebDriver.java:117)
at com.sun.proxy.$Proxy16.getScreenshotAs(Unknown Source)
at org.openqa.selenium.support.events.EventFiringWebDriver.getScreenshotAs(EventFiringWebDriver.java:312)
at com.crm.qa.util.TestUtil.takeScreenshotAtEndOfTest(TestUtil.java:59)
at com.crm.qa.util.WebEventListener.onException(WebEventListener.java:65)
at org.openqa.selenium.support.events.EventFiringWebDriver.lambda$new$0(EventFiringWebDriver.java:94)
at com.sun.proxy.$Proxy15.onException(Unknown Source)
at org.openqa.selenium.support.events.EventFiringWebDriver.lambda$new$1(EventFiringWebDriver.java:117)
at com.sun.proxy.$Proxy16.getScreenshotAs(Unknown Source)
at org.openqa.selenium.support.events.EventFiringWebDriver.getScreenshotAs(EventFiringWebDriver.java:312)
at com.crm.qa.util.TestUtil.takeScreenshotAtEndOfTest(TestUtil.java:59)
at com.crm.qa.util.WebEventListener.onException(WebEventListener.java:65)
at org.openqa.selenium.support.events.EventFiringWebDriver.lambda$new$0(EventFiringWebDriver.java:94)
at com.sun.proxy.$Proxy15.onException(Unknown Source)
at org.openqa.selenium.support.events.EventFiringWebDriver.lambda$new$1(EventFiringWebDriver.java:117)
at com.sun.proxy.$Proxy16.getScreenshotAs(Unknown Source)
at org.openqa.selenium.support.events.EventFiringWebDriver.getScreenshotAs(EventFiringWebDriver.java:312)
at com.crm.qa.util.TestUtil.takeScreenshotAtEndOfTest(TestUtil.java:59)
at com.crm.qa.util.WebEventListener.onException(WebEventListener.java:65)
at org.openqa.selenium.support.events.EventFiringWebDriver.lambda$new$0(EventFiringWebDriver.java:94)
at com.sun.proxy.$Proxy15.onException(Unknown Source)
at org.openqa.selenium.support.events.EventFiringWebDriver.lambda$new$1(EventFiringWebDriver.java:117)
at com.sun.proxy.$Proxy16.getScreenshotAs(Unknown Source)
at org.openqa.selenium.support.events.EventFiringWebDriver.getScreenshotAs(EventFiringWebDriver.java:312)
at com.crm.qa.util.TestUtil.takeScreenshotAtEndOfTest(TestUtil.java:59)
at com.crm.qa.util.WebEventListener.onException(WebEventListener.java:65)
at org.openqa.selenium.support.events.EventFiringWebDriver.lambda$new$0(EventFiringWebDriver.java:94)
at com.sun.proxy.$Proxy15.onException(Unknown Source)
at org.openqa.selenium.support.events.EventFiringWebDriver.lambda$new$1(EventFiringWebDriver.java:117)
at com.sun.proxy.$Proxy16.getScreenshotAs(Unknown Source)
at org.openqa.selenium.support.events.EventFiringWebDriver.getScreenshotAs(EventFiringWebDriver.java:312)
at com.crm.qa.util.TestUtil.takeScreenshotAtEndOfTest(TestUtil.java:59)
at com.crm.qa.util.WebEventListener.onException(WebEventListener.java:65)
at org.openqa.selenium.support.events.EventFiringWebDriver.lambda$new$0(EventFiringWebDriver.java:94)
at com.sun.proxy.$Proxy15.onException(Unknown Source)
at org.openqa.selenium.support.events.EventFiringWebDriver.lambda$new$1(EventFiringWebDriver.java:117)
at com.sun.proxy.$Proxy16.getScreenshotAs(Unknown Source)
at org.openqa.selenium.support.events.EventFiringWebDriver.getScreenshotAs(EventFiringWebDriver.java:312)
at com.crm.qa.util.TestUtil.takeScreenshotAtEndOfTest(TestUtil.java:59)
at com.crm.qa.util.WebEventListener.onException(WebEventListener.java:65)
at org.openqa.selenium.support.events.EventFiringWebDriver.lambda$new$0(EventFiringWebDriver.java:94)
at com.sun.proxy.$Proxy15.onException(Unknown Source)
at org.openqa.selenium.support.events.EventFiringWebDriver.lambda$new$1(EventFiringWebDriver.java:117)
at com.sun.proxy.$Proxy16.getScreenshotAs(Unknown Source)
at org.openqa.selenium.support.events.EventFiringWebDriver.getScreenshotAs(EventFiringWebDriver.java:312)
at com.crm.qa.util.TestUtil.takeScreenshotAtEndOfTest(TestUtil.java:59)
at com.crm.qa.util.WebEventListener.onException(WebEventListener.java:65)
at org.openqa.selenium.support.events.EventFiringWebDriver.lambda$new$0(EventFiringWebDriver.java:94)
at com.sun.proxy.$Proxy15.onException(Unknown Source)
at org.openqa.selenium.support.events.EventFiringWebDriver.lambda$new$1(EventFiringWebDriver.java:117)
at com.sun.proxy.$Proxy16.getScreenshotAs(Unknown Source)
at org.openqa.selenium.support.events.EventFiringWebDriver.getScreenshotAs(EventFiringWebDriver.java:312)
at com.crm.qa.util.TestUtil.takeScreenshotAtEndOfTest(TestUtil.java:59)
at com.crm.qa.util.WebEventListener.onException(WebEventListener.java:65)
at org.openqa.selenium.support.events.EventFiringWebDriver.lambda$new$0(EventFiringWebDriver.java:94)
at com.sun.proxy.$Proxy15.onException(Unknown Source)
at org.openqa.selenium.support.events.EventFiringWebDriver.lambda$new$1(EventFiringWebDriver.java:117)
at com.sun.proxy.$Proxy16.getScreenshotAs(Unknown Source)
at org.openqa.selenium.support.events.EventFiringWebDriver.getScreenshotAs(EventFiringWebDriver.java:312)
at com.crm.qa.util.TestUtil.takeScreenshotAtEndOfTest(TestUtil.java:59)
at com.crm.qa.util.WebEventListener.onException(WebEventListener.java:65)
at org.openqa.selenium.support.events.EventFiringWebDriver.lambda$new$0(EventFiringWebDriver.java:94)
at com.sun.proxy.$Proxy15.onException(Unknown Source)
at org.openqa.selenium.support.events.EventFiringWebDriver.lambda$new$1(EventFiringWebDriver.java:117)
at com.sun.proxy.$Proxy16.getScreenshotAs(Unknown Source)
at org.openqa.selenium.support.events.EventFiringWebDriver.getScreenshotAs(EventFiringWebDriver.java:312)
at com.crm.qa.util.TestUtil.takeScreenshotAtEndOfTest(TestUtil.java:59)
at com.crm.qa.util.WebEventListener.onException(WebEventListener.java:65)
at org.openqa.selenium.support.events.EventFiringWebDriver.lambda$new$0(EventFiringWebDriver.java:94)
at com.sun.proxy.$Proxy15.onException(Unknown Source)
at org.openqa.selenium.support.events.EventFiringWebDriver.lambda$new$1(EventFiringWebDriver.java:117)
at com.sun.proxy.$Proxy16.getScreenshotAs(Unknown Source)
at org.openqa.selenium.support.events.EventFiringWebDriver.getScreenshotAs(EventFiringWebDriver.java:312)
at com.crm.qa.util.TestUtil.takeScreenshotAtEndOfTest(TestUtil.java:59)
at com.crm.qa.util.WebEventListener.onException(WebEventListener.java:65)
at org.openqa.selenium.support.events.EventFiringWebDriver.lambda$new$0(EventFiringWebDriver.java:94)
at com.sun.proxy.$Proxy15.onException(Unknown Source)
at org.openqa.selenium.support.events.EventFiringWebDriver.lambda$new$1(EventFiringWebDriver.java:117)
at com.sun.proxy.$Proxy16.getScreenshotAs(Unknown Source)
at org.openqa.selenium.support.events.EventFiringWebDriver.getScreenshotAs(EventFiringWebDriver.java:312)
at com.crm.qa.util.TestUtil.takeScreenshotAtEndOfTest(TestUtil.java:59)
at com.crm.qa.util.WebEventListener.onException(WebEventListener.java:65)
at org.openqa.selenium.support.events.EventFiringWebDriver.lambda$new$0(EventFiringWebDriver.java:94)
at com.sun.proxy.$Proxy15.onException(Unknown Source)
at org.openqa.selenium.support.events.EventFiringWebDriver.lambda$new$1(EventFiringWebDriver.java:117)
at com.sun.proxy.$Proxy16.getScreenshotAs(Unknown Source)
at org.openqa.selenium.support.events.EventFiringWebDriver.getScreenshotAs(EventFiringWebDriver.java:312)
at com.crm.qa.util.TestUtil.takeScreenshotAtEndOfTest(TestUtil.java:59)
at com.crm.qa.util.WebEventListener.onException(WebEventListener.java:65)
at org.openqa.selenium.support.events.EventFiringWebDriver.lambda$new$0(EventFiringWebDriver.java:94)
at com.sun.proxy.$Proxy15.onException(Unknown Source)
at org.openqa.selenium.support.events.EventFiringWebDriver.lambda$new$1(EventFiringWebDriver.java:117)
at com.sun.proxy.$Proxy16.getScreenshotAs(Unknown Source)
at org.openqa.selenium.support.events.EventFiringWebDriver.getScreenshotAs(EventFiringWebDriver.java:312)
at com.crm.qa.util.TestUtil.takeScreenshotAtEndOfTest(TestUtil.java:59)
at com.crm.qa.util.WebEventListener.onException(WebEventListener.java:65)
at org.openqa.selenium.support.events.EventFiringWebDriver.lambda$new$0(EventFiringWebDriver.java:94)
at com.sun.proxy.$Proxy15.onException(Unknown Source)
at org.openqa.selenium.support.events.EventFiringWebDriver.lambda$new$1(EventFiringWebDriver.java:117)
at com.sun.proxy.$Proxy16.getScreenshotAs(Unknown Source)
at org.openqa.selenium.support.events.EventFiringWebDriver.getScreenshotAs(EventFiringWebDriver.java:312)
at com.crm.qa.util.TestUtil.takeScreenshotAtEndOfTest(TestUtil.java:59)
at com.crm.qa.util.WebEventListener.onException(WebEventListener.java:65)
at org.openqa.selenium.support.events.EventFiringWebDriver.lambda$new$0(EventFiringWebDriver.java:94)
at com.sun.proxy.$Proxy15.onException(Unknown Source)
at org.openqa.selenium.support.events.EventFiringWebDriver.lambda$new$1(EventFiringWebDriver.java:117)
at com.sun.proxy.$Proxy16.getScreenshotAs(Unknown Source)
at org.openqa.selenium.support.events.EventFiringWebDriver.getScreenshotAs(EventFiringWebDriver.java:312)
at com.crm.qa.util.TestUtil.takeScreenshotAtEndOfTest(TestUtil.java:59)
at com.crm.qa.util.WebEventListener.onException(WebEventListener.java:65)
at org.openqa.selenium.support.events.EventFiringWebDriver.lambda$new$0(EventFiringWebDriver.java:94)
at com.sun.proxy.$Proxy15.onException(Unknown Source)
at org.openqa.selenium.support.events.EventFiringWebDriver.lambda$new$1(EventFiringWebDriver.java:117)
at com.sun.proxy.$Proxy16.getScreenshotAs(Unknown Source)
at org.openqa.selenium.support.events.EventFiringWebDriver.getScreenshotAs(EventFiringWebDriver.java:312)
at com.crm.qa.util.TestUtil.takeScreenshotAtEndOfTest(TestUtil.java:59)
at com.crm.qa.util.WebEventListener.onException(WebEventListener.java:65)
at org.openqa.selenium.support.events.EventFiringWebDriver.lambda$new$0(EventFiringWebDriver.java:94)
at com.sun.proxy.$Proxy15.onException(Unknown Source)
at org.openqa.selenium.support.events.EventFiringWebDriver.lambda$new$1(EventFiringWebDriver.java:117)
at com.sun.proxy.$Proxy16.getScreenshotAs(Unknown Source)
at org.openqa.selenium.support.events.EventFiringWebDriver.getScreenshotAs(EventFiringWebDriver.java:312)
at com.crm.qa.util.TestUtil.takeScreenshotAtEndOfTest(TestUtil.java:59)
at com.crm.qa.util.WebEventListener.onException(WebEventListener.java:65)
at org.openqa.selenium.support.events.EventFiringWebDriver.lambda$new$0(EventFiringWebDriver.java:94)
at com.sun.proxy.$Proxy15.onException(Unknown Source)
at org.openqa.selenium.support.events.EventFiringWebDriver.lambda$new$1(EventFiringWebDriver.java:117)
at com.sun.proxy.$Proxy16.getScreenshotAs(Unknown Source)
at org.openqa.selenium.support.events.EventFiringWebDriver.getScreenshotAs(EventFiringWebDriver.java:312)
at com.crm.qa.util.TestUtil.takeScreenshotAtEndOfTest(TestUtil.java:59)
at com.crm.qa.util.WebEventListener.onException(WebEventListener.java:65)
at org.openqa.selenium.support.events.EventFiringWebDriver.lambda$new$0(EventFiringWebDriver.java:94)
at com.sun.proxy.$Proxy15.onException(Unknown Source)
at org.openqa.selenium.support.events.EventFiringWebDriver.lambda$new$1(EventFiringWebDriver.java:117)
at com.sun.proxy.$Proxy16.getScreenshotAs(Unknown Source)
at org.openqa.selenium.support.events.EventFiringWebDriver.getScreenshotAs(EventFiringWebDriver.java:312)
at com.crm.qa.util.TestUtil.takeScreenshotAtEndOfTest(TestUtil.java:59)
at com.crm.qa.util.WebEventListener.onException(WebEventListener.java:65)
at org.openqa.selenium.support.events.EventFiringWebDriver.lambda$new$0(EventFiringWebDriver.java:94)
at com.sun.proxy.$Proxy15.onException(Unknown Source)
at org.openqa.selenium.support.events.EventFiringWebDriver.lambda$new$1(EventFiringWebDriver.java:117)
at com.sun.proxy.$Proxy16.getScreenshotAs(Unknown Source)
at org.openqa.selenium.support.events.EventFiringWebDriver.getScreenshotAs(EventFiringWebDriver.java:312)
at com.crm.qa.util.TestUtil.takeScreenshotAtEndOfTest(TestUtil.java:59)
at com.crm.qa.util.WebEventListener.onException(WebEventListener.java:65)
at org.openqa.selenium.support.events.EventFiringWebDriver.lambda$new$0(EventFiringWebDriver.java:94)
at com.sun.proxy.$Proxy15.onException(Unknown Source)
at org.openqa.selenium.support.events.EventFiringWebDriver.lambda$new$1(EventFiringWebDriver.java:117)
at com.sun.proxy.$Proxy16.getScreenshotAs(Unknown Source)
at org.openqa.selenium.support.events.EventFiringWebDriver.getScreenshotAs(EventFiringWebDriver.java:312)
at com.crm.qa.util.TestUtil.takeScreenshotAtEndOfTest(TestUtil.java:59)
at com.crm.qa.util.WebEventListener.onException(WebEventListener.java:65)
at org.openqa.selenium.support.events.EventFiringWebDriver.lambda$new$0(EventFiringWebDriver.java:94)
at com.sun.proxy.$Proxy15.onException(Unknown Source)
at org.openqa.selenium.support.events.EventFiringWebDriver.lambda$new$1(EventFiringWebDriver.java:117)
at com.sun.proxy.$Proxy16.getScreenshotAs(Unknown Source)
at org.openqa.selenium.support.events.EventFiringWebDriver.getScreenshotAs(EventFiringWebDriver.java:312)
at com.crm.qa.util.TestUtil.takeScreenshotAtEndOfTest(TestUtil.java:59)
at com.crm.qa.util.WebEventListener.onException(WebEventListener.java:65)
at org.openqa.selenium.support.events.EventFiringWebDriver.lambda$new$0(EventFiringWebDriver.java:94)
at com.sun.proxy.$Proxy15.onException(Unknown Source)
at org.openqa.selenium.support.events.EventFiringWebDriver.lambda$new$1(EventFiringWebDriver.java:117)
at com.sun.proxy.$Proxy16.getScreenshotAs(Unknown Source)
at org.openqa.selenium.support.events.EventFiringWebDriver.getScreenshotAs(EventFiringWebDriver.java:312)
at com.crm.qa.util.TestUtil.takeScreenshotAtEndOfTest(TestUtil.java:59)
at com.crm.qa.util.WebEventListener.onException(WebEventListener.java:65)
at org.openqa.selenium.support.events.EventFiringWebDriver.lambda$new$0(EventFiringWebDriver.java:94)
at com.sun.proxy.$Proxy15.onException(Unknown Source)
at org.openqa.selenium.support.events.EventFiringWebDriver.lambda$new$1(EventFiringWebDriver.java:117)
at com.sun.proxy.$Proxy16.getScreenshotAs(Unknown Source)
at org.openqa.selenium.support.events.EventFiringWebDriver.getScreenshotAs(EventFiringWebDriver.java:312)
at com.crm.qa.util.TestUtil.takeScreenshotAtEndOfTest(TestUtil.java:59)
at com.crm.qa.util.WebEventListener.onException(WebEventListener.java:65)
at org.openqa.selenium.support.events.EventFiringWebDriver.lambda$new$0(EventFiringWebDriver.java:94)
at com.sun.proxy.$Proxy15.onException(Unknown Source)
at org.openqa.selenium.support.events.EventFiringWebDriver.lambda$new$1(EventFiringWebDriver.java:117)
at com.sun.proxy.$Proxy16.getScreenshotAs(Unknown Source)
at org.openqa.selenium.support.events.EventFiringWebDriver.getScreenshotAs(EventFiringWebDriver.java:312)
at com.crm.qa.util.TestUtil.takeScreenshotAtEndOfTest(TestUtil.java:59)
at com.crm.qa.util.WebEventListener.onException(WebEventListener.java:65)
at org.openqa.selenium.support.events.EventFiringWebDriver.lambda$new$0(EventFiringWebDriver.java:94)
at com.sun.proxy.$Proxy15.onException(Unknown Source)
at org.openqa.selenium.support.events.EventFiringWebDriver.lambda$new$1(EventFiringWebDriver.java:117)
at com.sun.proxy.$Proxy16.getScreenshotAs(Unknown Source)
at org.openqa.selenium.support.events.EventFiringWebDriver.getScreenshotAs(EventFiringWebDriver.java:312)
at com.crm.qa.util.TestUtil.takeScreenshotAtEndOfTest(TestUtil.java:59)
at com.crm.qa.util.WebEventListener.onException(WebEventListener.java:65)
at org.openqa.selenium.support.events.EventFiringWebDriver.lambda$new$0(EventFiringWebDriver.java:94)
at com.sun.proxy.$Proxy15.onException(Unknown Source)
at org.openqa.selenium.support.events.EventFiringWebDriver.lambda$new$1(EventFiringWebDriver.java:117)
at com.sun.proxy.$Proxy16.getScreenshotAs(Unknown Source)
at org.openqa.selenium.support.events.EventFiringWebDriver.getScreenshotAs(EventFiringWebDriver.java:312)
at com.crm.qa.util.TestUtil.takeScreenshotAtEndOfTest(TestUtil.java:59)
at com.crm.qa.util.WebEventListener.onException(WebEventListener.java:65)
at org.openqa.selenium.support.events.EventFiringWebDriver.lambda$new$0(EventFiringWebDriver.java:94)
at com.sun.proxy.$Proxy15.onException(Unknown Source)
at org.openqa.selenium.support.events.EventFiringWebDriver.lambda$new$1(EventFiringWebDriver.java:117)
at com.sun.proxy.$Proxy16.getScreenshotAs(Unknown Source)
at org.openqa.selenium.support.events.EventFiringWebDriver.getScreenshotAs(EventFiringWebDriver.java:312)
at com.crm.qa.util.TestUtil.takeScreenshotAtEndOfTest(TestUtil.java:59)
at com.crm.qa.util.WebEventListener.onException(WebEventListener.java:65)
at org.openqa.selenium.support.events.EventFiringWebDriver.lambda$new$0(EventFiringWebDriver.java:94)
at com.sun.proxy.$Proxy15.onException(Unknown Source)
at org.openqa.selenium.support.events.EventFiringWebDriver.lambda$new$1(EventFiringWebDriver.java:117)
at com.sun.proxy.$Proxy16.getScreenshotAs(Unknown Source)
at org.openqa.selenium.support.events.EventFiringWebDriver.getScreenshotAs(EventFiringWebDriver.java:312)
at com.crm.qa.util.TestUtil.takeScreenshotAtEndOfTest(TestUtil.java:59)
at com.crm.qa.util.WebEventListener.onException(WebEventListener.java:65)
at org.openqa.selenium.support.events.EventFiringWebDriver.lambda$new$0(EventFiringWebDriver.java:94)
at com.sun.proxy.$Proxy15.onException(Unknown Source)
at org.openqa.selenium.support.events.EventFiringWebDriver.lambda$new$1(EventFiringWebDriver.java:117)
at com.sun.proxy.$Proxy16.getScreenshotAs(Unknown Source)
at org.openqa.selenium.support.events.EventFiringWebDriver.getScreenshotAs(EventFiringWebDriver.java:312)
at com.crm.qa.util.TestUtil.takeScreenshotAtEndOfTest(TestUtil.java:59)
at com.crm.qa.util.WebEventListener.onException(WebEventListener.java:65)
at org.openqa.selenium.support.events.EventFiringWebDriver.lambda$new$0(EventFiringWebDriver.java:94)
at com.sun.proxy.$Proxy15.onException(Unknown Source)
at org.openqa.selenium.support.events.EventFiringWebDriver.lambda$new$1(EventFiringWebDriver.java:117)
at com.sun.proxy.$Proxy16.getScreenshotAs(Unknown Source)
at org.openqa.selenium.support.events.EventFiringWebDriver.getScreenshotAs(EventFiringWebDriver.java:312)
at com.crm.qa.util.TestUtil.takeScreenshotAtEndOfTest(TestUtil.java:59)
at com.crm.qa.util.WebEventListener.onException(WebEventListener.java:65)
at org.openqa.selenium.support.events.EventFiringWebDriver.lambda$new$0(EventFiringWebDriver.java:94)
at com.sun.proxy.$Proxy15.onException(Unknown Source)
at org.openqa.selenium.support.events.EventFiringWebDriver.lambda$new$1(EventFiringWebDriver.java:117)
at com.sun.proxy.$Proxy16.getScreenshotAs(Unknown Source)
at org.openqa.selenium.support.events.EventFiringWebDriver.getScreenshotAs(EventFiringWebDriver.java:312)
at com.crm.qa.util.TestUtil.takeScreenshotAtEndOfTest(TestUtil.java:59)
at com.crm.qa.util.WebEventListener.onException(WebEventListener.java:65)
at org.openqa.selenium.support.events.EventFiringWebDriver.lambda$new$0(EventFiringWebDriver.java:94)
at com.sun.proxy.$Proxy15.onException(Unknown Source)
at org.openqa.selenium.support.events.EventFiringWebDriver.lambda$new$1(EventFiringWebDriver.java:117)
at com.sun.proxy.$Proxy16.getScreenshotAs(Unknown Source)
at org.openqa.selenium.support.events.EventFiringWebDriver.getScreenshotAs(EventFiringWebDriver.java:312)
at com.crm.qa.util.TestUtil.takeScreenshotAtEndOfTest(TestUtil.java:59)
at com.crm.qa.util.WebEventListener.onException(WebEventListener.java:65)
at org.openqa.selenium.support.events.EventFiringWebDriver.lambda$new$0(EventFiringWebDriver.java:94)
at com.sun.proxy.$Proxy15.onException(Unknown Source)
at org.openqa.selenium.support.events.EventFiringWebDriver.lambda$new$1(EventFiringWebDriver.java:117)
at com.sun.proxy.$Proxy16.getScreenshotAs(Unknown Source)
at org.openqa.selenium.support.events.EventFiringWebDriver.getScreenshotAs(EventFiringWebDriver.java:312)
at com.crm.qa.util.TestUtil.takeScreenshotAtEndOfTest(TestUtil.java:59)
at com.crm.qa.util.WebEventListener.onException(WebEventListener.java:65)
at org.openqa.selenium.support.events.EventFiringWebDriver.lambda$new$0(EventFiringWebDriver.java:94)
at com.sun.proxy.$Proxy15.onException(Unknown Source)
at org.openqa.selenium.support.events.EventFiringWebDriver.lambda$new$1(EventFiringWebDriver.java:117)
at com.sun.proxy.$Proxy16.getScreenshotAs(Unknown Source)
... Removed 306 stack frames]]>
    </failure>
  </testcase> <!-- @BeforeMethod setUp -->
  <testcase classname="com.crm.qa.tests.ContactsPageTest" name="@AfterMethod tearDown" time="0.0">
    <skipped/>
  </testcase> <!-- @AfterMethod tearDown -->
  <testcase classname="com.crm.qa.tests.ContactsPageTest" name="@BeforeMethod setUp" time="0.0">
    <skipped/>
  </testcase> <!-- @BeforeMethod setUp -->
  <testcase classname="com.crm.qa.tests.ContactsPageTest" name="@AfterMethod tearDown" time="0.0">
    <skipped/>
  </testcase> <!-- @AfterMethod tearDown -->
  <testcase classname="com.crm.qa.tests.ContactsPageTest" name="@BeforeMethod setUp" time="0.0">
    <skipped/>
  </testcase> <!-- @BeforeMethod setUp -->
  <testcase classname="com.crm.qa.tests.ContactsPageTest" name="@AfterMethod tearDown" time="0.0">
    <skipped/>
  </testcase> <!-- @AfterMethod tearDown -->
  <testcase classname="com.crm.qa.tests.ContactsPageTest" name="@BeforeMethod setUp" time="0.0">
    <skipped/>
  </testcase> <!-- @BeforeMethod setUp -->
  <testcase classname="com.crm.qa.tests.ContactsPageTest" name="@AfterMethod tearDown" time="0.0">
    <skipped/>
  </testcase> <!-- @AfterMethod tearDown -->
  <testcase classname="com.crm.qa.tests.ContactsPageTest" name="selectMultipleContactTest" time="0.0">
    <skipped/>
  </testcase> <!-- selectMultipleContactTest -->
  <testcase classname="com.crm.qa.tests.ContactsPageTest" name="validateCreateNewContact" time="0.0">
    <skipped/>
  </testcase> <!-- validateCreateNewContact -->
  <testcase classname="com.crm.qa.tests.ContactsPageTest" name="validateCreateNewContact" time="0.0">
    <skipped/>
  </testcase> <!-- validateCreateNewContact -->
  <testcase classname="com.crm.qa.tests.ContactsPageTest" name="validateCreateNewContact" time="0.0">
    <skipped/>
  </testcase> <!-- validateCreateNewContact -->
  <testcase classname="com.crm.qa.tests.ContactsPageTest" name="selectContactsTest" time="0.0">
    <ignored/>
  </testcase> <!-- selectContactsTest -->
  <testcase classname="com.crm.qa.tests.ContactsPageTest" name="verifyContactsLabelTest" time="0.0">
    <ignored/>
  </testcase> <!-- verifyContactsLabelTest -->
</testsuite> <!-- Free CRM Application Test cases(failed)(failed)(failed) -->
