<?xml version="1.0" encoding="UTF-8"?>
<!-- Generated by org.testng.reporters.JUnitXMLReporter -->
<testsuite ignored="0" hostname="LAPTOP-QQHO79JR" failures="0" tests="3" name="Default test" time="33.42" errors="0" timestamp="2022-05-15T11:36:39 EDT">
  <testcase classname="com.crm.qa.tests.LoginPageTest" name="loginPageTitleTest" time="0.144"/>
  <testcase classname="com.crm.qa.tests.LoginPageTest" name="crmLogoImageTest" time="0.562"/>
  <testcase classname="com.crm.qa.tests.LoginPageTest" name="loginTest" time="8.955"/>
</testsuite> <!-- Default test -->
