<?xml version="1.0" encoding="UTF-8"?>
<!-- Generated by org.testng.reporters.JUnitXMLReporter -->
<testsuite ignored="2" hostname="LAPTOP-QQHO79JR" failures="0" tests="1" name="Default test" time="11.755" errors="0" timestamp="2022-04-27T16:57:10 EDT">
  <testcase classname="com.crm.qa.tests.LoginPageTest" name="loginTest" time="4.781"/>
  <testcase classname="com.crm.qa.tests.LoginPageTest" name="loginPageTitleTest" time="0.0">
    <ignored/>
  </testcase> <!-- loginPageTitleTest -->
  <testcase classname="com.crm.qa.tests.LoginPageTest" name="crmLogoImageTest" time="0.0">
    <ignored/>
  </testcase> <!-- crmLogoImageTest -->
</testsuite> <!-- Default test -->
