<?xml version="1.0" encoding="UTF-8"?>
<!-- Generated by org.testng.reporters.JUnitXMLReporter -->
<testsuite ignored="0" hostname="LAPTOP-QQHO79JR" failures="0" tests="11" name="Test" time="175.691" errors="0" timestamp="2022-04-24T17:53:55 EDT">
  <testcase classname="com.crm.qa.tests.LoginPageTest" name="loginPageTitleTest" time="0.067"/>
  <testcase classname="com.crm.qa.tests.LoginPageTest" name="crmLogoImageTest" time="0.438"/>
  <testcase classname="com.crm.qa.tests.LoginPageTest" name="loginTest" time="5.093"/>
  <testcase classname="com.crm.qa.tests.ContactsPageTest" name="verifyContactsLabelTest" time="0.044"/>
  <testcase classname="com.crm.qa.tests.ContactsPageTest" name="selectContactsTest" time="0.353"/>
  <testcase classname="com.crm.qa.tests.ContactsPageTest" name="selectMultipleContactTest" time="0.128"/>
  <testcase classname="com.crm.qa.tests.HomePageTest" name="verifyHomePageTitleTest" time="0.013"/>
  <testcase classname="com.crm.qa.tests.HomePageTest" name="verifyUserNameTest" time="1.128"/>
  <testcase classname="com.crm.qa.tests.HomePageTest" name="verifyContactsLink" time="1.033"/>
  <testcase classname="com.crm.qa.tests.HomePageTest" name="verifyDealsLink" time="0.891"/>
  <testcase classname="com.crm.qa.tests.HomePageTest" name="verifyTasksLink" time="1.297"/>
</testsuite> <!-- Test -->
