<?xml version="1.0" encoding="UTF-8"?>
<!-- Generated by org.testng.reporters.JUnitXMLReporter -->
<testsuite ignored="0" hostname="LAPTOP-QQHO79JR" failures="0" tests="14" name="Free CRM Application Test cases" time="240.086" errors="0" timestamp="2022-05-14T16:27:46 EDT">
  <testcase classname="com.crm.qa.tests.LoginPageTest" name="loginPageTitleTest" time="0.136"/>
  <testcase classname="com.crm.qa.tests.LoginPageTest" name="crmLogoImageTest" time="0.614"/>
  <testcase classname="com.crm.qa.tests.LoginPageTest" name="loginTest" time="8.154"/>
  <testcase classname="com.crm.qa.tests.HomePageTest" name="verifyHomePageTitleTest" time="0.019"/>
  <testcase classname="com.crm.qa.tests.HomePageTest" name="verifyUserNameTest" time="1.467"/>
  <testcase classname="com.crm.qa.tests.HomePageTest" name="verifyContactsLink" time="2.475"/>
  <testcase classname="com.crm.qa.tests.HomePageTest" name="verifyDealsLink" time="2.873"/>
  <testcase classname="com.crm.qa.tests.HomePageTest" name="verifyTasksLink" time="2.218"/>
  <testcase classname="com.crm.qa.tests.ContactsPageTest" name="verifyContactsLabelTest" time="0.079"/>
  <testcase classname="com.crm.qa.tests.ContactsPageTest" name="selectContactsTest" time="0.518"/>
  <testcase classname="com.crm.qa.tests.ContactsPageTest" name="selectMultipleContactTest" time="0.633"/>
  <testcase classname="com.crm.qa.tests.ContactsPageTest" name="validateCreateNewContact" time="5.111"/>
  <testcase classname="com.crm.qa.tests.ContactsPageTest" name="validateCreateNewContact" time="5.304"/>
  <testcase classname="com.crm.qa.tests.ContactsPageTest" name="validateCreateNewContact" time="5.533"/>
</testsuite> <!-- Free CRM Application Test cases -->
