<?xml version="1.0" encoding="UTF-8"?>
<!-- Generated by org.testng.reporters.JUnitXMLReporter -->
<testsuite ignored="0" hostname="LAPTOP-QQHO79JR" failures="0" tests="14" name="Free CRM Application Test cases" time="273.821" errors="0" timestamp="2022-05-15T11:33:31 EDT">
  <testcase classname="com.crm.qa.tests.LoginPageTest" name="loginPageTitleTest" time="0.329"/>
  <testcase classname="com.crm.qa.tests.LoginPageTest" name="crmLogoImageTest" time="0.418"/>
  <testcase classname="com.crm.qa.tests.LoginPageTest" name="loginTest" time="8.134"/>
  <testcase classname="com.crm.qa.tests.HomePageTest" name="verifyHomePageTitleTest" time="0.037"/>
  <testcase classname="com.crm.qa.tests.HomePageTest" name="verifyUserNameTest" time="2.405"/>
  <testcase classname="com.crm.qa.tests.HomePageTest" name="verifyContactsLink" time="3.284"/>
  <testcase classname="com.crm.qa.tests.HomePageTest" name="verifyDealsLink" time="3.573"/>
  <testcase classname="com.crm.qa.tests.HomePageTest" name="verifyTasksLink" time="2.424"/>
  <testcase classname="com.crm.qa.tests.ContactsPageTest" name="verifyContactsLabelTest" time="0.166"/>
  <testcase classname="com.crm.qa.tests.ContactsPageTest" name="selectContactsTest" time="0.374"/>
  <testcase classname="com.crm.qa.tests.ContactsPageTest" name="selectMultipleContactTest" time="0.615"/>
  <testcase classname="com.crm.qa.tests.ContactsPageTest" name="validateCreateNewContact" time="5.123"/>
  <testcase classname="com.crm.qa.tests.ContactsPageTest" name="validateCreateNewContact" time="5.38"/>
  <testcase classname="com.crm.qa.tests.ContactsPageTest" name="validateCreateNewContact" time="5.716"/>
</testsuite> <!-- Free CRM Application Test cases -->
