<?xml version="1.0" encoding="UTF-8"?>
<testng-results ignored="0" total="3" passed="3" failed="0" skipped="0">
  <reporter-output>
  </reporter-output>
  <suite started-at="2022-05-15T11:36:06 EDT" name="Default suite" finished-at="2022-05-15T11:36:39 EDT" duration-ms="33420">
    <groups>
    </groups>
    <test started-at="2022-05-15T11:36:06 EDT" name="Default test" finished-at="2022-05-15T11:36:39 EDT" duration-ms="33420">
      <class name="com.crm.qa.tests.LoginPageTest">
        <test-method is-config="true" signature="setUp()[pri:0, instance:com.crm.qa.tests.LoginPageTest@543588e6]" started-at="2022-05-15T11:36:06 EDT" name="setUp" finished-at="2022-05-15T11:36:16 EDT" duration-ms="9765" status="PASS">
          <reporter-output>
          </reporter-output>
        </test-method> <!-- setUp -->
        <test-method signature="loginPageTitleTest()[pri:1, instance:com.crm.qa.tests.LoginPageTest@543588e6]" started-at="2022-05-15T11:36:16 EDT" name="loginPageTitleTest" finished-at="2022-05-15T11:36:16 EDT" duration-ms="144" status="PASS">
          <reporter-output>
          </reporter-output>
        </test-method> <!-- loginPageTitleTest -->
        <test-method is-config="true" signature="tearDown()[pri:0, instance:com.crm.qa.tests.LoginPageTest@543588e6]" started-at="2022-05-15T11:36:16 EDT" name="tearDown" finished-at="2022-05-15T11:36:16 EDT" duration-ms="485" status="PASS">
          <reporter-output>
          </reporter-output>
        </test-method> <!-- tearDown -->
        <test-method is-config="true" signature="setUp()[pri:0, instance:com.crm.qa.tests.LoginPageTest@543588e6]" started-at="2022-05-15T11:36:16 EDT" name="setUp" finished-at="2022-05-15T11:36:23 EDT" duration-ms="6570" status="PASS">
          <reporter-output>
          </reporter-output>
        </test-method> <!-- setUp -->
        <test-method signature="crmLogoImageTest()[pri:2, instance:com.crm.qa.tests.LoginPageTest@543588e6]" started-at="2022-05-15T11:36:23 EDT" name="crmLogoImageTest" finished-at="2022-05-15T11:36:24 EDT" duration-ms="562" status="PASS">
          <reporter-output>
          </reporter-output>
        </test-method> <!-- crmLogoImageTest -->
        <test-method is-config="true" signature="tearDown()[pri:0, instance:com.crm.qa.tests.LoginPageTest@543588e6]" started-at="2022-05-15T11:36:24 EDT" name="tearDown" finished-at="2022-05-15T11:36:24 EDT" duration-ms="281" status="PASS">
          <reporter-output>
          </reporter-output>
        </test-method> <!-- tearDown -->
        <test-method is-config="true" signature="setUp()[pri:0, instance:com.crm.qa.tests.LoginPageTest@543588e6]" started-at="2022-05-15T11:36:24 EDT" name="setUp" finished-at="2022-05-15T11:36:30 EDT" duration-ms="6343" status="PASS">
          <reporter-output>
          </reporter-output>
        </test-method> <!-- setUp -->
        <test-method signature="loginTest()[pri:3, instance:com.crm.qa.tests.LoginPageTest@543588e6]" started-at="2022-05-15T11:36:30 EDT" name="loginTest" finished-at="2022-05-15T11:36:39 EDT" duration-ms="8955" status="PASS">
          <reporter-output>
          </reporter-output>
        </test-method> <!-- loginTest -->
        <test-method is-config="true" signature="tearDown()[pri:0, instance:com.crm.qa.tests.LoginPageTest@543588e6]" started-at="2022-05-15T11:36:39 EDT" name="tearDown" finished-at="2022-05-15T11:36:39 EDT" duration-ms="160" status="PASS">
          <reporter-output>
          </reporter-output>
        </test-method> <!-- tearDown -->
      </class> <!-- com.crm.qa.tests.LoginPageTest -->
    </test> <!-- Default test -->
  </suite> <!-- Default suite -->
</testng-results>
